<?xml version="1.0" encoding="UTF-8"?>
<!-- Generated by org.testng.reporters.JUnitXMLReporter -->
<testsuite hostname="DESKTOPwuxh" name="TestDebug" tests="4" failures="0" timestamp="14 Dec 2019 09:48:32 GMT" time="90.185" errors="0">
  <testcase name="login_success" time="10.685" classname="testCase.agent.Login"/>
  <testcase name="nameInputNull" time="41.21" classname="testCase.agent.authInfo.NameInputNull"/>
  <testcase name="success" time="37.37" classname="testCase.agent.authInfo.Success"/>
  <testcase name="logout" time="0.79" classname="testCase.agent.Logout"/>
</testsuite> <!-- TestDebug -->
