<?xml version="1.0" encoding="UTF-8"?>
<testng-results skipped="0" failed="0" total="1" passed="1">
  <reporter-output>
  </reporter-output>
  <suite name="Suite" duration-ms="4331" started-at="2019-12-11T09:34:46Z" finished-at="2019-12-11T09:34:51Z">
    <groups>
    </groups>
    <test name="TestDebug" duration-ms="4331" started-at="2019-12-11T09:34:46Z" finished-at="2019-12-11T09:34:51Z">
      <class name="testCase.agent.Login">
        <test-method status="PASS" signature="before()[pri:0, instance:testCase.agent.Login@66b0e207]" name="before" is-config="true" duration-ms="24" started-at="2019-12-11T17:34:46Z" finished-at="2019-12-11T17:34:46Z">
          <reporter-output>
          </reporter-output>
        </test-method> <!-- before -->
        <test-method status="PASS" signature="login_success(java.lang.String, java.util.Map)[pri:0, instance:testCase.agent.Login@66b0e207]" name="login_success" duration-ms="4249" started-at="2019-12-11T17:34:46Z" data-provider="login_success" finished-at="2019-12-11T17:34:50Z">
          <params>
            <param index="0">
              <value is-null="true"/>
            </param>
            <param index="1">
              <value>
                <![CDATA[{password=qwe123, username=15712895616}]]>
              </value>
            </param>
          </params>
          <reporter-output>
          </reporter-output>
        </test-method> <!-- login_success -->
        <test-method status="PASS" signature="after()[pri:0, instance:testCase.agent.Login@66b0e207]" name="after" is-config="true" duration-ms="4330" started-at="2019-12-11T17:34:51Z" finished-at="2019-12-11T17:34:55Z">
          <reporter-output>
          </reporter-output>
        </test-method> <!-- after -->
      </class> <!-- testCase.agent.Login -->
    </test> <!-- TestDebug -->
  </suite> <!-- Suite -->
</testng-results>
